Logfile initialized
[INFO] logfile = C:\Users\rish\My Documents\MyAnubavam\MyOptionDialog\build.log
[DEBUG] C:\Users\rish\AppData\Roaming\Titanium\mobilesdk\win32\2.1.1.GA\android\builder.py simulator MyOptionDialog E:\Android_Related\android-sdk-windows C:\Users\rish\My Documents\MyAnubavam\MyOptionDialog com.shareourideas.myoptiondialog 8 HVGA
[INFO] Building MyOptionDialog for Android ... one moment
[INFO] Titanium SDK version: 2.1.1 (07/27/12 14:01 0fd84a2)
[DEBUG] Waiting for device to be ready ...
[TRACE] adb devices returned 1 devices/emulators
[TRACE] adb devices returned 1 devices/emulators
[TRACE] adb devices returned 1 devices/emulators
[TRACE] adb devices returned 1 devices/emulators
[TRACE] adb devices returned 1 devices/emulators
[TRACE] adb devices returned 1 devices/emulators
[TRACE] adb devices returned 1 devices/emulators
[TRACE] adb devices returned 1 devices/emulators
[TRACE] adb devices returned 1 devices/emulators
[TRACE] adb devices returned 1 devices/emulators
[TRACE] adb devices returned 1 devices/emulators
[TRACE] adb devices returned 1 devices/emulators
[DEBUG] Device connected... (waited 55 seconds)
[DEBUG] waited 55.448000 seconds on emulator to get ready
[INFO] Waiting for the Android Emulator to become available
[DEBUG] com.shareourideas.myoptiondialog installed? False
[INFO] Fastdev server running, deploying in Fastdev mode
[INFO] Copying CommonJS modules...
[INFO] Copying project resources..
[INFO] Detected change in tiapp.xml, or assets deleted. Forcing full re-build...
[TRACE] COPYING CREATED FILE: C:\Users\rish\My Documents\MyAnubavam\MyOptionDialog\Resources\android\appicon.png => C:\Users\rish\My Documents\MyAnubavam\MyOptionDialog\build\android\bin\assets\Resources\appicon.png
[TRACE] COPYING CREATED FILE: C:\Users\rish\My Documents\MyAnubavam\MyOptionDialog\Resources\android\default.png => C:\Users\rish\My Documents\MyAnubavam\MyOptionDialog\build\android\bin\assets\Resources\default.png
[TRACE] COPYING CREATED FILE: C:\Users\rish\My Documents\MyAnubavam\MyOptionDialog\Resources\app.js => C:\Users\rish\My Documents\MyAnubavam\MyOptionDialog\build\android\bin\assets\Resources\app.js
[TRACE] COPYING CREATED FILE: C:\Users\rish\My Documents\MyAnubavam\MyOptionDialog\Resources\KS_nav_ui.png => C:\Users\rish\My Documents\MyAnubavam\MyOptionDialog\build\android\bin\assets\Resources\KS_nav_ui.png
[TRACE] COPYING CREATED FILE: C:\Users\rish\My Documents\MyAnubavam\MyOptionDialog\Resources\KS_nav_views.png => C:\Users\rish\My Documents\MyAnubavam\MyOptionDialog\build\android\bin\assets\Resources\KS_nav_views.png
[TRACE] Generating Java Classes
[DEBUG] Processing Android resource drawables
[TRACE] COPYING FILE: C:\Users\rish\My Documents\MyAnubavam\MyOptionDialog\Resources\android\images\res-long-land-hdpi\default.png => C:\Users\rish\My Documents\MyAnubavam\MyOptionDialog\build\android\res\drawable-long-land-hdpi\default_d44e27d97b.png
[TRACE] COPYING FILE: C:\Users\rish\My Documents\MyAnubavam\MyOptionDialog\Resources\android\images\res-long-land-ldpi\default.png => C:\Users\rish\My Documents\MyAnubavam\MyOptionDialog\build\android\res\drawable-long-land-ldpi\default_d44e27d97b.png
[TRACE] COPYING FILE: C:\Users\rish\My Documents\MyAnubavam\MyOptionDialog\Resources\android\images\res-long-port-hdpi\default.png => C:\Users\rish\My Documents\MyAnubavam\MyOptionDialog\build\android\res\drawable-long-port-hdpi\default_d44e27d97b.png
[TRACE] COPYING FILE: C:\Users\rish\My Documents\MyAnubavam\MyOptionDialog\Resources\android\images\res-long-port-ldpi\default.png => C:\Users\rish\My Documents\MyAnubavam\MyOptionDialog\build\android\res\drawable-long-port-ldpi\default_d44e27d97b.png
[TRACE] COPYING FILE: C:\Users\rish\My Documents\MyAnubavam\MyOptionDialog\Resources\android\images\res-notlong-land-hdpi\default.png => C:\Users\rish\My Documents\MyAnubavam\MyOptionDialog\build\android\res\drawable-notlong-land-hdpi\default_d44e27d97b.png
[TRACE] COPYING FILE: C:\Users\rish\My Documents\MyAnubavam\MyOptionDialog\Resources\android\images\res-notlong-land-ldpi\default.png => C:\Users\rish\My Documents\MyAnubavam\MyOptionDialog\build\android\res\drawable-notlong-land-ldpi\default_d44e27d97b.png
[TRACE] COPYING FILE: C:\Users\rish\My Documents\MyAnubavam\MyOptionDialog\Resources\android\images\res-notlong-land-mdpi\default.png => C:\Users\rish\My Documents\MyAnubavam\MyOptionDialog\build\android\res\drawable-notlong-land-mdpi\default_d44e27d97b.png
[TRACE] COPYING FILE: C:\Users\rish\My Documents\MyAnubavam\MyOptionDialog\Resources\android\images\res-notlong-port-hdpi\default.png => C:\Users\rish\My Documents\MyAnubavam\MyOptionDialog\build\android\res\drawable-notlong-port-hdpi\default_d44e27d97b.png
[TRACE] COPYING FILE: C:\Users\rish\My Documents\MyAnubavam\MyOptionDialog\Resources\android\images\res-notlong-port-ldpi\default.png => C:\Users\rish\My Documents\MyAnubavam\MyOptionDialog\build\android\res\drawable-notlong-port-ldpi\default_d44e27d97b.png
[TRACE] COPYING FILE: C:\Users\rish\My Documents\MyAnubavam\MyOptionDialog\Resources\android\images\res-notlong-port-mdpi\default.png => C:\Users\rish\My Documents\MyAnubavam\MyOptionDialog\build\android\res\drawable-notlong-port-mdpi\default_d44e27d97b.png
[DEBUG] app stylesheet => C:\Users\rish\My Documents\MyAnubavam\MyOptionDialog\build\android\gen\com\shareourideas\myoptiondialog\ApplicationStylesheet.java
[DEBUG] copying app icon: C:\Users\rish\My Documents\MyAnubavam\MyOptionDialog\build\android\bin\assets\Resources\appicon.png
[DEBUG] generating theme.xml
[DEBUG] found drawable-long-land-hdpi splash screen at C:\Users\rish\My Documents\MyAnubavam\MyOptionDialog\Resources\android\images\res-long-land-hdpi\default.png
[DEBUG] copying C:\Users\rish\My Documents\MyAnubavam\MyOptionDialog\Resources\android\images\res-long-land-hdpi\default.png splash screen to C:\Users\rish\My Documents\MyAnubavam\MyOptionDialog\build\android\res\drawable-long-land-hdpi\background.png
[DEBUG] found drawable-long-land-ldpi splash screen at C:\Users\rish\My Documents\MyAnubavam\MyOptionDialog\Resources\android\images\res-long-land-ldpi\default.png
[DEBUG] copying C:\Users\rish\My Documents\MyAnubavam\MyOptionDialog\Resources\android\images\res-long-land-ldpi\default.png splash screen to C:\Users\rish\My Documents\MyAnubavam\MyOptionDialog\build\android\res\drawable-long-land-ldpi\background.png
[DEBUG] found drawable-long-port-hdpi splash screen at C:\Users\rish\My Documents\MyAnubavam\MyOptionDialog\Resources\android\images\res-long-port-hdpi\default.png
[DEBUG] copying C:\Users\rish\My Documents\MyAnubavam\MyOptionDialog\Resources\android\images\res-long-port-hdpi\default.png splash screen to C:\Users\rish\My Documents\MyAnubavam\MyOptionDialog\build\android\res\drawable-long-port-hdpi\background.png
[DEBUG] found drawable-long-port-ldpi splash screen at C:\Users\rish\My Documents\MyAnubavam\MyOptionDialog\Resources\android\images\res-long-port-ldpi\default.png
[DEBUG] copying C:\Users\rish\My Documents\MyAnubavam\MyOptionDialog\Resources\android\images\res-long-port-ldpi\default.png splash screen to C:\Users\rish\My Documents\MyAnubavam\MyOptionDialog\build\android\res\drawable-long-port-ldpi\background.png
[DEBUG] found drawable-notlong-land-hdpi splash screen at C:\Users\rish\My Documents\MyAnubavam\MyOptionDialog\Resources\android\images\res-notlong-land-hdpi\default.png
[DEBUG] copying C:\Users\rish\My Documents\MyAnubavam\MyOptionDialog\Resources\android\images\res-notlong-land-hdpi\default.png splash screen to C:\Users\rish\My Documents\MyAnubavam\MyOptionDialog\build\android\res\drawable-notlong-land-hdpi\background.png
[DEBUG] found drawable-notlong-land-ldpi splash screen at C:\Users\rish\My Documents\MyAnubavam\MyOptionDialog\Resources\android\images\res-notlong-land-ldpi\default.png
[DEBUG] copying C:\Users\rish\My Documents\MyAnubavam\MyOptionDialog\Resources\android\images\res-notlong-land-ldpi\default.png splash screen to C:\Users\rish\My Documents\MyAnubavam\MyOptionDialog\build\android\res\drawable-notlong-land-ldpi\background.png
[DEBUG] found drawable-notlong-land-mdpi splash screen at C:\Users\rish\My Documents\MyAnubavam\MyOptionDialog\Resources\android\images\res-notlong-land-mdpi\default.png
[DEBUG] copying C:\Users\rish\My Documents\MyAnubavam\MyOptionDialog\Resources\android\images\res-notlong-land-mdpi\default.png splash screen to C:\Users\rish\My Documents\MyAnubavam\MyOptionDialog\build\android\res\drawable-notlong-land-mdpi\background.png
[DEBUG] found drawable-notlong-port-hdpi splash screen at C:\Users\rish\My Documents\MyAnubavam\MyOptionDialog\Resources\android\images\res-notlong-port-hdpi\default.png
[DEBUG] copying C:\Users\rish\My Documents\MyAnubavam\MyOptionDialog\Resources\android\images\res-notlong-port-hdpi\default.png splash screen to C:\Users\rish\My Documents\MyAnubavam\MyOptionDialog\build\android\res\drawable-notlong-port-hdpi\background.png
[DEBUG] found drawable-notlong-port-ldpi splash screen at C:\Users\rish\My Documents\MyAnubavam\MyOptionDialog\Resources\android\images\res-notlong-port-ldpi\default.png
[DEBUG] copying C:\Users\rish\My Documents\MyAnubavam\MyOptionDialog\Resources\android\images\res-notlong-port-ldpi\default.png splash screen to C:\Users\rish\My Documents\MyAnubavam\MyOptionDialog\build\android\res\drawable-notlong-port-ldpi\background.png
[DEBUG] found drawable-notlong-port-mdpi splash screen at C:\Users\rish\My Documents\MyAnubavam\MyOptionDialog\Resources\android\images\res-notlong-port-mdpi\default.png
[DEBUG] copying C:\Users\rish\My Documents\MyAnubavam\MyOptionDialog\Resources\android\images\res-notlong-port-mdpi\default.png splash screen to C:\Users\rish\My Documents\MyAnubavam\MyOptionDialog\build\android\res\drawable-notlong-port-mdpi\background.png
[DEBUG] found splash screen at C:\Users\rish\My Documents\MyAnubavam\MyOptionDialog\build\android\bin\assets\Resources\default.png
[TRACE] Writing out AndroidManifest.xml
[DEBUG] adding C:\Users\rish\My Documents\MyAnubavam\MyOptionDialog\build\android\gen\com\shareourideas\myoptiondialog\ApplicationStylesheet.java to javac build list
[DEBUG] adding C:\Users\rish\My Documents\MyAnubavam\MyOptionDialog\build\android\gen\com\shareourideas\myoptiondialog\MyoptiondialogActivity.java to javac build list
[DEBUG] adding C:\Users\rish\My Documents\MyAnubavam\MyOptionDialog\build\android\gen\com\shareourideas\myoptiondialog\MyoptiondialogAppInfo.java to javac build list
[DEBUG] adding C:\Users\rish\My Documents\MyAnubavam\MyOptionDialog\build\android\gen\com\shareourideas\myoptiondialog\MyoptiondialogApplication.java to javac build list
[DEBUG] adding C:\Users\rish\My Documents\MyAnubavam\MyOptionDialog\build\android\gen\com\shareourideas\myoptiondialog\R.java to javac build list
[DEBUG] Building Java Sources: "C:\\Users\\rish\\My Documents\\MyAnubavam\\MyOptionDialog\\build\\android\\gen\\com\\shareourideas\\myoptiondialog\\ApplicationStylesheet.java" "C:\\Users\\rish\\My Documents\\MyAnubavam\\MyOptionDialog\\build\\android\\gen\\com\\shareourideas\\myoptiondialog\\MyoptiondialogActivity.java" "C:\\Users\\rish\\My Documents\\MyAnubavam\\MyOptionDialog\\build\\android\\gen\\com\\shareourideas\\myoptiondialog\\MyoptiondialogAppInfo.java" "C:\\Users\\rish\\My Documents\\MyAnubavam\\MyOptionDialog\\build\\android\\gen\\com\\shareourideas\\myoptiondialog\\MyoptiondialogApplication.java" "C:\\Users\\rish\\My Documents\\MyAnubavam\\MyOptionDialog\\build\\android\\gen\\com\\shareourideas\\myoptiondialog\\R.java"
[INFO] Waiting for SDCard to become available..
[INFO] Compiling Android Resources... This could take some time
[DEBUG] Android classes.dex built
[DEBUG] creating unsigned apk: C:\Users\rish\My Documents\MyAnubavam\MyOptionDialog\build\android\bin\app-unsigned.apk
[DEBUG] from resource zip => assets/Resources/KS_nav_ui.png
[DEBUG] from resource zip => assets/Resources/KS_nav_views.png
[DEBUG] from resource zip => assets/Resources/app.js
[DEBUG] from resource zip => assets/Resources/appicon.png
[DEBUG] from resource zip => assets/Resources/default.png
[DEBUG] from resource zip => assets/app.json
[DEBUG] from resource zip => assets/index.json
[DEBUG] from resource zip => assets/tiapp.xml
[DEBUG] from resource zip => res/drawable/appicon.png
[DEBUG] from resource zip => res/drawable/background.png
[DEBUG] from resource zip => res/drawable/close.png
[DEBUG] from resource zip => res/drawable/facebook_login.png
[DEBUG] from resource zip => res/drawable/facebook_login_down.png
[DEBUG] from resource zip => res/drawable/facebook_login_wide.png
[DEBUG] from resource zip => res/drawable/facebook_login_wide_down.png
[DEBUG] from resource zip => res/drawable/facebook_logout.png
[DEBUG] from resource zip => res/drawable/facebook_logout_down.png
[DEBUG] from resource zip => res/layout/titanium_tabgroup.xml
[DEBUG] from resource zip => AndroidManifest.xml
[DEBUG] from resource zip => resources.arsc
[DEBUG] from resource zip => res/drawable-hdpi/close.png
[DEBUG] from resource zip => res/drawable-ldpi/close.png
[DEBUG] from resource zip => res/drawable-long-land-hdpi/background.png
[DEBUG] from resource zip => res/drawable-long-land-hdpi/default_d44e27d97b.png
[DEBUG] from resource zip => res/drawable-long-land-ldpi/background.png
[DEBUG] from resource zip => res/drawable-long-land-ldpi/default_d44e27d97b.png
[DEBUG] from resource zip => res/drawable-long-port-hdpi/background.png
[DEBUG] from resource zip => res/drawable-long-port-hdpi/default_d44e27d97b.png
[DEBUG] from resource zip => res/drawable-long-port-ldpi/background.png
[DEBUG] from resource zip => res/drawable-long-port-ldpi/default_d44e27d97b.png
[DEBUG] from resource zip => res/drawable-notlong-land-hdpi/background.png
[DEBUG] from resource zip => res/drawable-notlong-land-hdpi/default_d44e27d97b.png
[DEBUG] from resource zip => res/drawable-notlong-land-ldpi/background.png
[DEBUG] from resource zip => res/drawable-notlong-land-ldpi/default_d44e27d97b.png
[DEBUG] from resource zip => res/drawable-notlong-land-mdpi/background.png
[DEBUG] from resource zip => res/drawable-notlong-land-mdpi/default_d44e27d97b.png
[DEBUG] from resource zip => res/drawable-notlong-port-hdpi/background.png
[DEBUG] from resource zip => res/drawable-notlong-port-hdpi/default_d44e27d97b.png
[DEBUG] from resource zip => res/drawable-notlong-port-ldpi/background.png
[DEBUG] from resource zip => res/drawable-notlong-port-ldpi/default_d44e27d97b.png
[DEBUG] from resource zip => res/drawable-notlong-port-mdpi/background.png
[DEBUG] from resource zip => res/drawable-notlong-port-mdpi/default_d44e27d97b.png
[DEBUG] from JAR C:\Users\rish\AppData\Roaming\Titanium\mobilesdk\win32\2.1.1.GA\android\titanium.jar => org/appcelerator/titanium/build.properties
[DEBUG] from JAR C:\Users\rish\AppData\Roaming\Titanium\mobilesdk\win32\2.1.1.GA\android\titanium.jar => org/appcelerator/titanium/res/drawable/background.png
[DEBUG] from JAR C:\Users\rish\AppData\Roaming\Titanium\mobilesdk\win32\2.1.1.GA\android\titanium.jar => org/appcelerator/titanium/res/drawable/btn_check_buttonless_on.png
[DEBUG] from JAR C:\Users\rish\AppData\Roaming\Titanium\mobilesdk\win32\2.1.1.GA\android\titanium.jar => org/appcelerator/titanium/res/drawable/btn_check_buttonless_on_18.png
[DEBUG] from JAR C:\Users\rish\AppData\Roaming\Titanium\mobilesdk\win32\2.1.1.GA\android\titanium.jar => org/appcelerator/titanium/res/drawable/btn_check_buttonless_on_48.png
[DEBUG] from JAR C:\Users\rish\AppData\Roaming\Titanium\mobilesdk\win32\2.1.1.GA\android\titanium.jar => org/appcelerator/titanium/res/drawable/btn_more.png
[DEBUG] from JAR C:\Users\rish\AppData\Roaming\Titanium\mobilesdk\win32\2.1.1.GA\android\titanium.jar => org/appcelerator/titanium/res/drawable/btn_more_18.png
[DEBUG] from JAR C:\Users\rish\AppData\Roaming\Titanium\mobilesdk\win32\2.1.1.GA\android\titanium.jar => org/appcelerator/titanium/res/drawable/btn_more_48.png
[DEBUG] from JAR C:\Users\rish\AppData\Roaming\Titanium\mobilesdk\win32\2.1.1.GA\android\titanium.jar => org/appcelerator/titanium/res/drawable/btn_picker_normal.9.png
[DEBUG] from JAR C:\Users\rish\AppData\Roaming\Titanium\mobilesdk\win32\2.1.1.GA\android\titanium.jar => org/appcelerator/titanium/res/drawable/btn_picker_pressed.9.png
[DEBUG] from JAR C:\Users\rish\AppData\Roaming\Titanium\mobilesdk\win32\2.1.1.GA\android\titanium.jar => org/appcelerator/titanium/res/drawable/btn_picker_selected.9.png
[DEBUG] from JAR C:\Users\rish\AppData\Roaming\Titanium\mobilesdk\win32\2.1.1.GA\android\titanium.jar => org/appcelerator/titanium/res/drawable/default_icon.png
[DEBUG] from JAR C:\Users\rish\AppData\Roaming\Titanium\mobilesdk\win32\2.1.1.GA\android\titanium.jar => org/appcelerator/titanium/res/drawable/photoDefault.png
[DEBUG] from JAR C:\Users\rish\AppData\Roaming\Titanium\mobilesdk\win32\2.1.1.GA\android\thirdparty.jar => org/apache/Commons-NOTICE.txt
[DEBUG] from JAR C:\Users\rish\AppData\Roaming\Titanium\mobilesdk\win32\2.1.1.GA\android\thirdparty.jar => org/apache/HttpComponents-NOTICE.txt
[DEBUG] from JAR C:\Users\rish\AppData\Roaming\Titanium\mobilesdk\win32\2.1.1.GA\android\thirdparty.jar => org/apache/mime4j-NOTICE.txt
[DEBUG] from JAR C:\Users\rish\AppData\Roaming\Titanium\mobilesdk\win32\2.1.1.GA\android\modules\titanium-ui.jar => ti/modules/titanium/ui/widget/webview/binding.js
[DEBUG] from JAR C:\Users\rish\AppData\Roaming\Titanium\mobilesdk\win32\2.1.1.GA\android\modules\titanium-ui.jar => ti/modules/titanium/ui/widget/webview/binding.min.js
[DEBUG] from JAR C:\Users\rish\AppData\Roaming\Titanium\mobilesdk\win32\2.1.1.GA\android\modules\titanium-ui.jar => ti/modules/titanium/ui/widget/webview/json2.js
[DEBUG] from JAR C:\Users\rish\AppData\Roaming\Titanium\mobilesdk\win32\2.1.1.GA\android\modules\titanium-ui.jar => ti/modules/titanium/ui/widget/webview/polling.js
[DEBUG] from JAR C:\Users\rish\AppData\Roaming\Titanium\mobilesdk\win32\2.1.1.GA\android\modules\titanium-ui.jar => ti/modules/titanium/ui/widget/webview/polling.min.js
[DEBUG] from JAR C:\Users\rish\AppData\Roaming\Titanium\mobilesdk\win32\2.1.1.GA\android\modules\titanium-facebook.jar => ti/modules/titanium/facebook/LICENSE
[DEBUG] installing native SDK libs
[DEBUG] Waiting for device to be ready ...
[TRACE] adb devices returned 1 devices/emulators
[DEBUG] Device connected... (waited 0 seconds)
[DEBUG] waited 0.022000 seconds on emulator to get ready
[INFO] Installing application on emulator
[INFO] Launching application ... MyOptionDialog
[TRACE] Launch output: Starting: Intent { act=android.intent.action.MAIN cat=[android.intent.category.LAUNCHER] cmp=com.shareourideas.myoptiondialog/.MyoptiondialogActivity }

[INFO] Deployed MyOptionDialog ... Application should be running.
